<?xml version="1.0" encoding="UTF-8"?>
<robot generator="Robot 7.2 (Python 3.13.1 on win32)" generated="2025-03-25T18:53:17.098159" rpa="false" schemaversion="5">
<suite id="s1" name="CT010 Logout" source="D:\Bruna Rosa\Prime\Cadastro\WebTesting\testes\CT010_Logout.robot">
<test id="s1-t1" name="CT002 - Validar criação de uma conta com Email já cadastrado" line="9">
<kw name="Abrir o Navegador" owner="keywords" type="SETUP">
<kw name="Open Browser" owner="SeleniumLibrary">
<msg time="2025-03-25T18:53:17.352432" level="INFO">Opening browser 'chrome' to base url 'https://challenge.primecontrol.com.br/'.</msg>
<arg>${URL}</arg>
<arg>browser=chrome</arg>
<doc>Opens a new browser instance to the optional ``url``.</doc>
<status status="PASS" start="2025-03-25T18:53:17.352177" elapsed="3.561669"/>
</kw>
<kw name="Maximize Browser Window" owner="SeleniumLibrary">
<doc>Maximizes current browser window.</doc>
<status status="PASS" start="2025-03-25T18:53:20.914199" elapsed="0.054096"/>
</kw>
<doc>Abre o navegador e maximiza a janela.</doc>
<status status="PASS" start="2025-03-25T18:53:17.351496" elapsed="3.617053"/>
</kw>
<kw name="Acessar Tela de Login" owner="keywords">
<kw name="Wait Until Element Is Visible" owner="SeleniumLibrary">
<arg>${XPATH_FAZER_LOGIN}</arg>
<arg>timeout=10s</arg>
<doc>Waits until the element ``locator`` is visible.</doc>
<status status="PASS" start="2025-03-25T18:53:20.971210" elapsed="0.111736"/>
</kw>
<kw name="Wait Until Element Is Enabled" owner="SeleniumLibrary">
<arg>${XPATH_FAZER_LOGIN}</arg>
<arg>timeout=5s</arg>
<doc>Waits until the element ``locator`` is enabled.</doc>
<status status="PASS" start="2025-03-25T18:53:21.083246" elapsed="0.072375"/>
</kw>
<kw name="Click Element" owner="SeleniumLibrary">
<msg time="2025-03-25T18:53:21.156583" level="INFO">Clicking element '//a[normalize-space()='Fazer Login']'.</msg>
<arg>${XPATH_FAZER_LOGIN}</arg>
<doc>Click the element identified by ``locator``.</doc>
<status status="PASS" start="2025-03-25T18:53:21.156072" elapsed="0.843547"/>
</kw>
<doc>Clica no botão "Criar uma conta" para acessar a tela de cadastro.</doc>
<status status="PASS" start="2025-03-25T18:53:20.969809" elapsed="1.029926"/>
</kw>
<kw name="Preencher Campo de E-mail" owner="keywords">
<kw name="Wait Until Element Is Visible" owner="SeleniumLibrary">
<arg>${XPATH_ENTRADA_EMAIL}</arg>
<arg>timeout=10s</arg>
<doc>Waits until the element ``locator`` is visible.</doc>
<status status="PASS" start="2025-03-25T18:53:22.000673" elapsed="0.056607"/>
</kw>
<kw name="Input Text" owner="SeleniumLibrary">
<msg time="2025-03-25T18:53:22.057862" level="INFO">Typing text 'challenge@primecontrol.com.br' into text field '//input[@id='floatingInput']'.</msg>
<arg>${XPATH_ENTRADA_EMAIL}</arg>
<arg>${EMAIL_VALIDO}</arg>
<doc>Types the given ``text`` into the text field identified by ``locator``.</doc>
<status status="PASS" start="2025-03-25T18:53:22.057468" elapsed="0.240269"/>
</kw>
<doc>Clica no campo de e-mail e insere o e-mail cadastrado.</doc>
<status status="PASS" start="2025-03-25T18:53:22.000239" elapsed="0.297619"/>
</kw>
<kw name="Preencher Campo de Senha" owner="keywords">
<kw name="Wait Until Element Is Visible" owner="SeleniumLibrary">
<arg>${XPATH_CAMPO_SENHA}</arg>
<arg>timeout=10s</arg>
<doc>Waits until the element ``locator`` is visible.</doc>
<status status="PASS" start="2025-03-25T18:53:22.298508" elapsed="0.031995"/>
</kw>
<kw name="Input Text" owner="SeleniumLibrary">
<msg time="2025-03-25T18:53:22.330953" level="INFO">Typing text '41933002024' into text field '//input[@id='floatingPassword']'.</msg>
<arg>${XPATH_CAMPO_SENHA}</arg>
<arg>${SENHA_VALIDO}</arg>
<doc>Types the given ``text`` into the text field identified by ``locator``.</doc>
<status status="PASS" start="2025-03-25T18:53:22.330684" elapsed="0.104591"/>
</kw>
<doc>Clica no campo de e-mail e insere o e-mail cadastrado.</doc>
<status status="PASS" start="2025-03-25T18:53:22.298197" elapsed="0.137218"/>
</kw>
<kw name="Confirmar Dados de Cadastro" owner="keywords">
<kw name="Wait Until Element Is Visible" owner="SeleniumLibrary">
<arg>${XPATH_BOTAO_ACESSAR}</arg>
<arg>timeout=5s</arg>
<doc>Waits until the element ``locator`` is visible.</doc>
<status status="PASS" start="2025-03-25T18:53:22.437442" elapsed="0.033029"/>
</kw>
<kw name="Click Element" owner="SeleniumLibrary">
<msg time="2025-03-25T18:53:22.471778" level="INFO">Clicking element '//button[normalize-space()='Acessar']'.</msg>
<arg>${XPATH_BOTAO_ACESSAR}</arg>
<doc>Click the element identified by ``locator``.</doc>
<status status="PASS" start="2025-03-25T18:53:22.470845" elapsed="0.097861"/>
</kw>
<kw name="Sleep" owner="BuiltIn">
<msg time="2025-03-25T18:53:32.570139" level="INFO">Slept 10 seconds.</msg>
<arg>10s</arg>
<doc>Pauses the test executed for the given time.</doc>
<status status="PASS" start="2025-03-25T18:53:22.569201" elapsed="10.001043"/>
</kw>
<doc>Preenche os campos de email e senha no formulário de cadastro.</doc>
<status status="PASS" start="2025-03-25T18:53:22.436174" elapsed="10.134203"/>
</kw>
<kw name="Validar Tela de Clientes" owner="keywords">
<kw name="Wait Until Element Is Visible" owner="SeleniumLibrary">
<arg>${XPATH_GESTAO_CLIENTES}</arg>
<arg>timeout=5s</arg>
<doc>Waits until the element ``locator`` is visible.</doc>
<status status="PASS" start="2025-03-25T18:53:32.571721" elapsed="0.052502"/>
</kw>
<kw name="Page Should Contain Element" owner="SeleniumLibrary">
<msg time="2025-03-25T18:53:32.640649" level="INFO">Current page contains element '//h1[normalize-space()='Gestão de Clientes']'.</msg>
<arg>${XPATH_GESTAO_CLIENTES}</arg>
<doc>Verifies that element ``locator`` is found on the current page.</doc>
<status status="PASS" start="2025-03-25T18:53:32.624405" elapsed="0.016419"/>
</kw>
<doc>Valida que a página "Gestão de Clientes" foi carregada corretamente após login.</doc>
<status status="PASS" start="2025-03-25T18:53:32.571210" elapsed="0.069714"/>
</kw>
<kw name="Fazer Logout" owner="keywords">
<kw name="Wait Until Element Is Visible" owner="SeleniumLibrary">
<arg>${XPATH_FINALIZAR}</arg>
<arg>timeout=10s</arg>
<doc>Waits until the element ``locator`` is visible.</doc>
<status status="PASS" start="2025-03-25T18:53:32.641819" elapsed="0.040830"/>
</kw>
<kw name="Click Element" owner="SeleniumLibrary">
<msg time="2025-03-25T18:53:32.684789" level="INFO">Clicking element '//a[normalize-space()='Finalizar']'.</msg>
<arg>${XPATH_FINALIZAR}</arg>
<doc>Click the element identified by ``locator``.</doc>
<status status="PASS" start="2025-03-25T18:53:32.683830" elapsed="0.177881"/>
</kw>
<kw name="Sleep" owner="BuiltIn">
<msg time="2025-03-25T18:53:37.863273" level="INFO">Slept 5 seconds.</msg>
<arg>5s</arg>
<doc>Pauses the test executed for the given time.</doc>
<status status="PASS" start="2025-03-25T18:53:32.862079" elapsed="5.001432"/>
</kw>
<kw name="Wait Until Element Is Visible" owner="SeleniumLibrary">
<arg>${XPATH_LOGOUT}</arg>
<arg>timeout=10s</arg>
<doc>Waits until the element ``locator`` is visible.</doc>
<status status="PASS" start="2025-03-25T18:53:37.863869" elapsed="0.034639"/>
</kw>
<kw name="Click Element" owner="SeleniumLibrary">
<msg time="2025-03-25T18:53:37.899135" level="INFO">Clicking element '//button[normalize-space()='Logout']'.</msg>
<arg>${XPATH_LOGOUT}</arg>
<doc>Click the element identified by ``locator``.</doc>
<status status="PASS" start="2025-03-25T18:53:37.898821" elapsed="0.108816"/>
</kw>
<kw name="Sleep" owner="BuiltIn">
<msg time="2025-03-25T18:53:43.008807" level="INFO">Slept 5 seconds.</msg>
<arg>5s</arg>
<doc>Pauses the test executed for the given time.</doc>
<status status="PASS" start="2025-03-25T18:53:38.007909" elapsed="5.000997"/>
</kw>
<kw name="Log To Console" owner="BuiltIn">
<arg>Logout realizado com sucesso.</arg>
<doc>Logs the given message to the console.</doc>
<status status="PASS" start="2025-03-25T18:53:43.009054" elapsed="0.000789"/>
</kw>
<doc>Realiza logout clicando nos botões Finalizar e Logout.</doc>
<status status="PASS" start="2025-03-25T18:53:32.641442" elapsed="10.368679"/>
</kw>
<kw name="Fechar o Navegador" owner="keywords" type="TEARDOWN">
<kw name="Close Browser" owner="SeleniumLibrary">
<doc>Closes the current browser.</doc>
<status status="PASS" start="2025-03-25T18:53:43.011058" elapsed="2.398564"/>
</kw>
<doc>Fecha o navegador.</doc>
<status status="PASS" start="2025-03-25T18:53:43.010789" elapsed="2.399097"/>
</kw>
<doc>Teste para validar Logout.</doc>
<tag>cadastro</tag>
<tag>negativo</tag>
<tag>regressivo</tag>
<status status="PASS" start="2025-03-25T18:53:17.350399" elapsed="28.059860"/>
</test>
<status status="PASS" start="2025-03-25T18:53:17.100670" elapsed="28.312851"/>
</suite>
<statistics>
<total>
<stat pass="1" fail="0" skip="0">All Tests</stat>
</total>
<tag>
<stat pass="1" fail="0" skip="0">cadastro</stat>
<stat pass="1" fail="0" skip="0">negativo</stat>
<stat pass="1" fail="0" skip="0">regressivo</stat>
</tag>
<suite>
<stat name="CT010 Logout" id="s1" pass="1" fail="0" skip="0">CT010 Logout</stat>
</suite>
</statistics>
<errors>
</errors>
</robot>
