<?xml version="1.0" encoding="UTF-8"?>
<robot generator="Robot 7.2 (Python 3.13.1 on win32)" generated="2025-03-24T19:38:50.517396" rpa="false" schemaversion="5">
<suite id="s1" name="WebTesting" source="D:\Bruna Rosa\Prime\Cadastro\WebTesting">
<suite id="s1-s1" name="Testes" source="D:\Bruna Rosa\Prime\Cadastro\WebTesting\testes">
<suite id="s1-s1-s1" name="CT007 EditarCliente" source="D:\Bruna Rosa\Prime\Cadastro\WebTesting\testes\CT007_EditarCliente.robot">
<test id="s1-s1-s1-t1" name="CT002 - Validar criação de uma conta com Email já cadastrado" line="10">
<kw name="Abrir o Navegador" owner="keywords" type="SETUP">
<kw name="Open Browser" owner="SeleniumLibrary">
<msg time="2025-03-24T19:38:51.088708" level="INFO">Opening browser 'chrome' to base url 'https://challenge.primecontrol.com.br/'.</msg>
<arg>${URL}</arg>
<arg>browser=chrome</arg>
<doc>Opens a new browser instance to the optional ``url``.</doc>
<status status="PASS" start="2025-03-24T19:38:51.088276" elapsed="2.952292"/>
</kw>
<kw name="Maximize Browser Window" owner="SeleniumLibrary">
<doc>Maximizes current browser window.</doc>
<status status="PASS" start="2025-03-24T19:38:54.041092" elapsed="0.042704"/>
</kw>
<doc>Abre o navegador e maximiza a janela.</doc>
<status status="PASS" start="2025-03-24T19:38:51.085836" elapsed="2.998383"/>
</kw>
<kw name="Acessar Tela de Login" owner="keywords">
<kw name="Wait Until Element Is Visible" owner="SeleniumLibrary">
<arg>${XPATH_FAZER_LOGIN}</arg>
<arg>timeout=10s</arg>
<doc>Waits until the element ``locator`` is visible.</doc>
<status status="PASS" start="2025-03-24T19:38:54.087114" elapsed="0.141396"/>
</kw>
<kw name="Wait Until Element Is Enabled" owner="SeleniumLibrary">
<arg>${XPATH_FAZER_LOGIN}</arg>
<arg>timeout=5s</arg>
<doc>Waits until the element ``locator`` is enabled.</doc>
<status status="PASS" start="2025-03-24T19:38:54.229010" elapsed="0.059985"/>
</kw>
<kw name="Click Element" owner="SeleniumLibrary">
<msg time="2025-03-24T19:38:54.289678" level="INFO">Clicking element '//a[normalize-space()='Fazer Login']'.</msg>
<arg>${XPATH_FAZER_LOGIN}</arg>
<doc>Click the element identified by ``locator``.</doc>
<status status="PASS" start="2025-03-24T19:38:54.289252" elapsed="0.784133"/>
</kw>
<doc>Clica no botão "Criar uma conta" para acessar a tela de cadastro.</doc>
<status status="PASS" start="2025-03-24T19:38:54.085322" elapsed="0.988349"/>
</kw>
<kw name="Preencher Campo de E-mail" owner="keywords">
<kw name="Wait Until Element Is Visible" owner="SeleniumLibrary">
<arg>${XPATH_ENTRADA_EMAIL}</arg>
<arg>timeout=10s</arg>
<doc>Waits until the element ``locator`` is visible.</doc>
<status status="PASS" start="2025-03-24T19:38:55.075161" elapsed="0.041081"/>
</kw>
<kw name="Input Text" owner="SeleniumLibrary">
<msg time="2025-03-24T19:38:55.117562" level="INFO">Typing text 'challenge@primecontrol.com.br' into text field '//input[@id='floatingInput']'.</msg>
<arg>${XPATH_ENTRADA_EMAIL}</arg>
<arg>${EMAIL_VALIDO}</arg>
<doc>Types the given ``text`` into the text field identified by ``locator``.</doc>
<status status="PASS" start="2025-03-24T19:38:55.116738" elapsed="0.208783"/>
</kw>
<doc>Clica no campo de e-mail e insere o e-mail cadastrado.</doc>
<status status="PASS" start="2025-03-24T19:38:55.074322" elapsed="0.251480"/>
</kw>
<kw name="Preencher Campo de Senha" owner="keywords">
<kw name="Wait Until Element Is Visible" owner="SeleniumLibrary">
<arg>${XPATH_CAMPO_SENHA}</arg>
<arg>timeout=10s</arg>
<doc>Waits until the element ``locator`` is visible.</doc>
<status status="PASS" start="2025-03-24T19:38:55.326819" elapsed="0.033101"/>
</kw>
<kw name="Input Text" owner="SeleniumLibrary">
<msg time="2025-03-24T19:38:55.360657" level="INFO">Typing text '41933002024' into text field '//input[@id='floatingPassword']'.</msg>
<arg>${XPATH_CAMPO_SENHA}</arg>
<arg>${SENHA_VALIDO}</arg>
<doc>Types the given ``text`` into the text field identified by ``locator``.</doc>
<status status="PASS" start="2025-03-24T19:38:55.360179" elapsed="0.113457"/>
</kw>
<doc>Clica no campo de e-mail e insere o e-mail cadastrado.</doc>
<status status="PASS" start="2025-03-24T19:38:55.326300" elapsed="0.147564"/>
</kw>
<kw name="Confirmar Dados de Cadastro" owner="keywords">
<kw name="Wait Until Element Is Visible" owner="SeleniumLibrary">
<arg>${XPATH_BOTAO_ACESSAR}</arg>
<arg>timeout=10s</arg>
<doc>Waits until the element ``locator`` is visible.</doc>
<status status="PASS" start="2025-03-24T19:38:55.474913" elapsed="0.028084"/>
</kw>
<kw name="Click Element" owner="SeleniumLibrary">
<msg time="2025-03-24T19:38:55.503754" level="INFO">Clicking element '//button[normalize-space()='Acessar']'.</msg>
<arg>${XPATH_BOTAO_ACESSAR}</arg>
<doc>Click the element identified by ``locator``.</doc>
<status status="PASS" start="2025-03-24T19:38:55.503300" elapsed="0.087015"/>
</kw>
<kw name="Sleep" owner="BuiltIn">
<msg time="2025-03-24T19:39:00.592353" level="INFO">Slept 5 seconds.</msg>
<arg>5s</arg>
<doc>Pauses the test executed for the given time.</doc>
<status status="PASS" start="2025-03-24T19:38:55.590737" elapsed="5.002031"/>
</kw>
<doc>Preenche os campos de email e senha no formulário de cadastro.</doc>
<status status="PASS" start="2025-03-24T19:38:55.474311" elapsed="5.118645"/>
</kw>
<kw name="Validar Tela de Clientes" owner="keywords">
<kw name="Wait Until Element Is Visible" owner="SeleniumLibrary">
<arg>${XPATH_GESTAO_CLIENTES}</arg>
<arg>timeout=5s</arg>
<doc>Waits until the element ``locator`` is visible.</doc>
<status status="PASS" start="2025-03-24T19:39:00.594958" elapsed="0.029450"/>
</kw>
<kw name="Page Should Contain Element" owner="SeleniumLibrary">
<msg time="2025-03-24T19:39:00.634564" level="INFO">Current page contains element '//h1[normalize-space()='Gestão de Clientes']'.</msg>
<arg>${XPATH_GESTAO_CLIENTES}</arg>
<doc>Verifies that element ``locator`` is found on the current page.</doc>
<status status="PASS" start="2025-03-24T19:39:00.624677" elapsed="0.010170"/>
</kw>
<doc>Valida que a página "Gestão de Clientes" foi carregada corretamente após login.</doc>
<status status="PASS" start="2025-03-24T19:39:00.593942" elapsed="0.041069"/>
</kw>
<kw name="Editar Cliente" owner="keywords">
<kw name="Wait Until Element Is Visible" owner="SeleniumLibrary">
<arg>${XPATH_ICONE_EDICAO}</arg>
<arg>timeout=10s</arg>
<doc>Waits until the element ``locator`` is visible.</doc>
<status status="PASS" start="2025-03-24T19:39:00.636326" elapsed="0.027074"/>
</kw>
<kw name="Click Element" owner="SeleniumLibrary">
<msg time="2025-03-24T19:39:00.664065" level="INFO">Clicking element '//i[@class='fas fa-edit icone-acao']'.</msg>
<arg>${XPATH_ICONE_EDICAO}</arg>
<doc>Click the element identified by ``locator``.</doc>
<status status="PASS" start="2025-03-24T19:39:00.663634" elapsed="0.110093"/>
</kw>
<kw name="Wait Until Element Is Visible" owner="SeleniumLibrary">
<arg>${XPATH_NOME_INPUT}</arg>
<arg>timeout=10s</arg>
<doc>Waits until the element ``locator`` is visible.</doc>
<status status="PASS" start="2025-03-24T19:39:00.773967" elapsed="0.037251"/>
</kw>
<kw name="Click Element" owner="SeleniumLibrary">
<msg time="2025-03-24T19:39:00.812181" level="INFO">Clicking element '(//input[@id='exampleInputEmail1'])[2]'.</msg>
<arg>${XPATH_NOME_INPUT}</arg>
<doc>Click the element identified by ``locator``.</doc>
<status status="PASS" start="2025-03-24T19:39:00.811628" elapsed="0.117334"/>
</kw>
<kw name="Clear Element Text" owner="SeleniumLibrary">
<arg>${XPATH_NOME_INPUT}</arg>
<doc>Clears the value of the text-input-element identified by ``locator``.</doc>
<status status="PASS" start="2025-03-24T19:39:00.930006" elapsed="0.061820"/>
</kw>
<kw name="Input Text" owner="SeleniumLibrary">
<msg time="2025-03-24T19:39:00.992523" level="INFO">Typing text 'Control Prime' into text field '(//input[@id='exampleInputEmail1'])[2]'.</msg>
<arg>${XPATH_NOME_INPUT}</arg>
<arg>${NOME_EDITADO}</arg>
<doc>Types the given ``text`` into the text field identified by ``locator``.</doc>
<status status="PASS" start="2025-03-24T19:39:00.992073" elapsed="0.127958"/>
</kw>
<kw name="Sleep" owner="BuiltIn">
<msg time="2025-03-24T19:39:06.121153" level="INFO">Slept 5 seconds.</msg>
<arg>5s</arg>
<doc>Pauses the test executed for the given time.</doc>
<status status="PASS" start="2025-03-24T19:39:01.120473" elapsed="5.001387"/>
</kw>
<kw name="Execute Javascript" owner="SeleniumLibrary">
<msg time="2025-03-24T19:39:06.123222" level="INFO">Executing JavaScript:
window.scrollBy(0, 500);
Without any arguments.</msg>
<arg>window.scrollBy(0, 500);</arg>
<doc>Executes the given JavaScript code with possible arguments.</doc>
<status status="PASS" start="2025-03-24T19:39:06.122161" elapsed="0.013907"/>
</kw>
<kw name="Execute Javascript" owner="SeleniumLibrary">
<msg time="2025-03-24T19:39:06.137460" level="INFO">Executing JavaScript:
window.scrollBy(0, 500);
Without any arguments.</msg>
<arg>window.scrollBy(0, 500);</arg>
<doc>Executes the given JavaScript code with possible arguments.</doc>
<status status="PASS" start="2025-03-24T19:39:06.136490" elapsed="0.013520"/>
</kw>
<kw name="Sleep" owner="BuiltIn">
<msg time="2025-03-24T19:39:11.151028" level="INFO">Slept 5 seconds.</msg>
<arg>5s</arg>
<doc>Pauses the test executed for the given time.</doc>
<status status="PASS" start="2025-03-24T19:39:06.150395" elapsed="5.001097"/>
</kw>
<kw name="Click Element" owner="SeleniumLibrary">
<msg time="2025-03-24T19:39:11.152397" level="INFO">Clicking element '//button[normalize-space()='Salvar']'.</msg>
<arg>//button[normalize-space()='Salvar']</arg>
<doc>Click the element identified by ``locator``.</doc>
<status status="PASS" start="2025-03-24T19:39:11.151704" elapsed="0.098783"/>
</kw>
<kw name="Sleep" owner="BuiltIn">
<msg time="2025-03-24T19:39:16.251763" level="INFO">Slept 5 seconds.</msg>
<arg>5s</arg>
<doc>Pauses the test executed for the given time.</doc>
<status status="PASS" start="2025-03-24T19:39:11.250925" elapsed="5.001361"/>
</kw>
<doc>Edita o nome do cliente e salva as alterações.</doc>
<status status="PASS" start="2025-03-24T19:39:00.635695" elapsed="15.616769"/>
</kw>
<kw name="Fechar o Navegador" owner="keywords" type="TEARDOWN">
<kw name="Close Browser" owner="SeleniumLibrary">
<doc>Closes the current browser.</doc>
<status status="PASS" start="2025-03-24T19:39:16.254682" elapsed="2.382471"/>
</kw>
<doc>Fecha o navegador.</doc>
<status status="PASS" start="2025-03-24T19:39:16.253402" elapsed="2.383973"/>
</kw>
<doc>Teste para validar erro ao tentar criar uma conta com um email já cadastrado.</doc>
<tag>cadastro</tag>
<tag>negativo</tag>
<tag>regressivo</tag>
<status status="PASS" start="2025-03-24T19:38:51.083981" elapsed="27.553783"/>
</test>
<doc>Esta suite testa o cadastro de Clientes</doc>
<status status="PASS" start="2025-03-24T19:38:50.620274" elapsed="28.020063"/>
</suite>
<status status="PASS" start="2025-03-24T19:38:50.616990" elapsed="28.026002"/>
</suite>
<status status="PASS" start="2025-03-24T19:38:50.536297" elapsed="28.109350"/>
</suite>
<statistics>
<total>
<stat pass="1" fail="0" skip="0">All Tests</stat>
</total>
<tag>
<stat pass="1" fail="0" skip="0">cadastro</stat>
<stat pass="1" fail="0" skip="0">negativo</stat>
<stat pass="1" fail="0" skip="0">regressivo</stat>
</tag>
<suite>
<stat name="WebTesting" id="s1" pass="1" fail="0" skip="0">WebTesting</stat>
<stat name="Testes" id="s1-s1" pass="1" fail="0" skip="0">WebTesting.Testes</stat>
<stat name="CT007 EditarCliente" id="s1-s1-s1" pass="1" fail="0" skip="0">WebTesting.Testes.CT007 EditarCliente</stat>
</suite>
</statistics>
<errors>
</errors>
</robot>
